g:\github\royalcraft\1.project\royalcraft\x64\debug\royalcraft.pch
g:\github\royalcraft\1.project\royalcraft\x64\debug\vc142.pdb
g:\github\royalcraft\1.project\royalcraft\x64\debug\vc142.idb
g:\github\royalcraft\1.project\royalcraft\x64\debug\pch.obj
g:\github\royalcraft\1.project\royalcraft\x64\debug\singleton.obj
g:\github\royalcraft\1.project\royalcraft\x64\debug\scenemanager.obj
g:\github\royalcraft\1.project\royalcraft\x64\debug\scene.obj
g:\github\royalcraft\1.project\royalcraft\x64\debug\royalcraft.obj
g:\github\royalcraft\1.project\royalcraft\x64\debug\object.obj
g:\github\royalcraft\1.project\royalcraft\x64\debug\maingame.obj
g:\github\royalcraft\1.project\royalcraft\x64\debug\mainfrm.obj
g:\github\royalcraft\1.project\royalcraft\x64\debug\logoscene.obj
g:\github\royalcraft\1.project\royalcraft\x64\debug\lobbyscene.obj
g:\github\royalcraft\1.project\royalcraft\x64\debug\childview.obj
g:\github\royalcraft\1.project\x64\debug\royalcraft.exe
g:\github\royalcraft\1.project\x64\debug\royalcraft.ilk
g:\github\royalcraft\1.project\x64\debug\royalcraft.pdb
g:\github\royalcraft\1.project\royalcraft\x64\debug\royalcraft.res
g:\github\royalcraft\1.project\royalcraft\x64\debug\royalcraft.tlog\cl.command.1.tlog
g:\github\royalcraft\1.project\royalcraft\x64\debug\royalcraft.tlog\cl.read.1.tlog
g:\github\royalcraft\1.project\royalcraft\x64\debug\royalcraft.tlog\cl.write.1.tlog
g:\github\royalcraft\1.project\royalcraft\x64\debug\royalcraft.tlog\link.command.1.tlog
g:\github\royalcraft\1.project\royalcraft\x64\debug\royalcraft.tlog\link.read.1.tlog
g:\github\royalcraft\1.project\royalcraft\x64\debug\royalcraft.tlog\link.write.1.tlog
g:\github\royalcraft\1.project\royalcraft\x64\debug\royalcraft.tlog\rc.command.1.tlog
g:\github\royalcraft\1.project\royalcraft\x64\debug\royalcraft.tlog\rc.read.1.tlog
g:\github\royalcraft\1.project\royalcraft\x64\debug\royalcraft.tlog\rc.write.1.tlog
